This is pdfTeX, Version 3.14159265-2.6-1.40.20 (TeX Live 2019/Debian) (preloaded format=pdflatex 2024.5.8)  2 SEP 2024 11:40
entering extended mode
 restricted \write18 enabled.
 %&-line parsing enabled.
**0.proceso_inspeccion.tex
(./0.proceso_inspeccion.tex
LaTeX2e <2020-02-02> patch level 2
L3 programming layer <2020-02-14>
! Undefined control sequence.
l.2 \chapter
            {PROCESO DE INSPECCIÓN.} %(((
? 
! Emergency stop.
l.2 \chapter
            {PROCESO DE INSPECCIÓN.} %(((
End of file on the terminal!

 
Here is how much of TeX's memory you used:
 16 strings out of 483107
 441 string characters out of 5964631
 231847 words of memory out of 5000000
 15142 multiletter control sequences out of 15000+600000
 532338 words of font info for 24 fonts, out of 8000000 for 9000
 59 hyphenation exceptions out of 8191
 12i,0n,15p,65b,8s stack positions out of 5000i,500n,10000p,200000b,80000s
!  ==> Fatal error occurred, no output PDF file produced!
